Ctrl.LoadTests.CtrlApiSimulation	ctrlapisimulation	RUN	1457080409940	 	2.0
Ctrl Web API	3592866667959070732-0	USER	START	1457080409979	0
Ctrl Web API	3592866667959070732-1	USER	START	1457080409981	0
Ctrl Web API	3592866667959070732-2	USER	START	1457080409981	0
Ctrl Web API	3592866667959070732-3	USER	START	1457080409981	0
Ctrl Web API	3592866667959070732-4	USER	START	1457080409981	0
Ctrl Web API	3592866667959070732-5	USER	START	1457080409981	0
Ctrl Web API	3592866667959070732-6	USER	START	1457080409981	0
Ctrl Web API	3592866667959070732-7	USER	START	1457080409982	0
Ctrl Web API	3592866667959070732-8	USER	START	1457080409982	0
Ctrl Web API	3592866667959070732-9	USER	START	1457080409982	0
Ctrl Web API	3592866667959070732-10	USER	START	1457080409982	0
Ctrl Web API	3592866667959070732-11	USER	START	1457080409982	0
Ctrl Web API	3592866667959070732-12	USER	START	1457080409982	0
Ctrl Web API	3592866667959070732-13	USER	START	1457080409982	0
Ctrl Web API	3592866667959070732-14	USER	START	1457080409982	0
Ctrl Web API	3592866667959070732-15	USER	START	1457080409982	0
Ctrl Web API	3592866667959070732-16	USER	START	1457080409982	0
Ctrl Web API	3592866667959070732-17	USER	START	1457080409982	0
Ctrl Web API	3592866667959070732-18	USER	START	1457080409982	0
Ctrl Web API	3592866667959070732-19	USER	START	1457080409982	0
Ctrl Web API	3592866667959070732-20	USER	START	1457080409982	0
Ctrl Web API	3592866667959070732-21	USER	START	1457080409982	0
Ctrl Web API	3592866667959070732-22	USER	START	1457080409982	0
Ctrl Web API	3592866667959070732-23	USER	START	1457080409982	0
Ctrl Web API	3592866667959070732-24	USER	START	1457080409982	0
Ctrl Web API	3592866667959070732-25	USER	START	1457080409982	0
Ctrl Web API	3592866667959070732-26	USER	START	1457080409982	0
Ctrl Web API	3592866667959070732-27	USER	START	1457080409982	0
Ctrl Web API	3592866667959070732-28	USER	START	1457080409982	0
Ctrl Web API	3592866667959070732-29	USER	START	1457080409982	0
Ctrl Web API	3592866667959070732-30	USER	START	1457080409982	0
Ctrl Web API	3592866667959070732-31	USER	START	1457080409982	0
Ctrl Web API	3592866667959070732-32	USER	START	1457080409982	0
Ctrl Web API	3592866667959070732-33	USER	START	1457080409982	0
Ctrl Web API	3592866667959070732-34	USER	START	1457080409982	0
Ctrl Web API	3592866667959070732-35	USER	START	1457080409982	0
Ctrl Web API	3592866667959070732-36	USER	START	1457080409982	0
Ctrl Web API	3592866667959070732-37	USER	START	1457080409982	0
Ctrl Web API	3592866667959070732-38	USER	START	1457080409982	0
Ctrl Web API	3592866667959070732-39	USER	START	1457080409982	0
Ctrl Web API	3592866667959070732-40	USER	START	1457080409982	0
Ctrl Web API	3592866667959070732-41	USER	START	1457080409982	0
Ctrl Web API	3592866667959070732-42	USER	START	1457080409982	0
Ctrl Web API	3592866667959070732-43	USER	START	1457080409982	0
Ctrl Web API	3592866667959070732-44	USER	START	1457080409983	0
Ctrl Web API	3592866667959070732-45	USER	START	1457080409983	0
Ctrl Web API	3592866667959070732-46	USER	START	1457080409983	0
Ctrl Web API	3592866667959070732-47	USER	START	1457080409983	0
Ctrl Web API	3592866667959070732-48	USER	START	1457080409983	0
Ctrl Web API	3592866667959070732-49	USER	START	1457080409983	0
Ctrl Web API	3592866667959070732-3	REQUEST		Dashboard	1457080410106	1457080410128	1457080413881	1457080413881	OK	 
Ctrl Web API	3592866667959070732-20	REQUEST		Dashboard	1457080410244	1457080410249	1457080413881	1457080413881	OK	 
Ctrl Web API	3592866667959070732-22	REQUEST		Dashboard	1457080410258	1457080410276	1457080413964	1457080413964	OK	 
Ctrl Web API	3592866667959070732-24	REQUEST		Dashboard	1457080410283	1457080410285	1457080414018	1457080414018	OK	 
Ctrl Web API	3592866667959070732-5	REQUEST		Dashboard	1457080410115	1457080410128	1457080414217	1457080414217	OK	 
Ctrl Web API	3592866667959070732-19	REQUEST		Dashboard	1457080410242	1457080410244	1457080414416	1457080414416	OK	 
Ctrl Web API	3592866667959070732-16	REQUEST		Dashboard	1457080410162	1457080410188	1457080414492	1457080414492	OK	 
Ctrl Web API	3592866667959070732-20	REQUEST		Turer Til Manuell Behandling	1457080414901	1457080414902	1457080414945	1457080414945	KO	status.find.in(200,304,201,202,203,204,205,206,207,208,209), but actually found 404
Ctrl Web API	3592866667959070732-3	REQUEST		Turer Til Manuell Behandling	1457080414902	1457080414903	1457080414946	1457080414946	KO	status.find.in(200,304,201,202,203,204,205,206,207,208,209), but actually found 404
Ctrl Web API	3592866667959070732-22	REQUEST		Turer Til Manuell Behandling	1457080414975	1457080414976	1457080414982	1457080414982	KO	status.find.in(200,304,201,202,203,204,205,206,207,208,209), but actually found 404
Ctrl Web API	3592866667959070732-24	REQUEST		Turer Til Manuell Behandling	1457080415038	1457080415038	1457080415045	1457080415045	KO	status.find.in(200,304,201,202,203,204,205,206,207,208,209), but actually found 404
Ctrl Web API	3592866667959070732-28	REQUEST		Dashboard	1457080410346	1457080410348	1457080415171	1457080415171	OK	 
Ctrl Web API	3592866667959070732-5	REQUEST		Turer Til Manuell Behandling	1457080415238	1457080415239	1457080415245	1457080415245	KO	status.find.in(200,304,201,202,203,204,205,206,207,208,209), but actually found 404
Ctrl Web API	3592866667959070732-27	REQUEST		Dashboard	1457080410327	1457080410345	1457080415337	1457080415337	OK	 
Ctrl Web API	3592866667959070732-19	REQUEST		Turer Til Manuell Behandling	1457080415443	1457080415443	1457080415449	1457080415449	KO	status.find.in(200,304,201,202,203,204,205,206,207,208,209), but actually found 404
Ctrl Web API	3592866667959070732-8	REQUEST		Dashboard	1457080410138	1457080410140	1457080415509	1457080415509	OK	 
Ctrl Web API	3592866667959070732-16	REQUEST		Turer Til Manuell Behandling	1457080415507	1457080415508	1457080415514	1457080415514	KO	status.find.in(200,304,201,202,203,204,205,206,207,208,209), but actually found 404
Ctrl Web API	3592866667959070732-18	REQUEST		Dashboard	1457080410224	1457080410240	1457080415556	1457080415556	OK	 
Ctrl Web API	3592866667959070732-17	REQUEST		Dashboard	1457080410190	1457080410223	1457080415681	1457080415681	OK	 
Ctrl Web API	3592866667959070732-28	REQUEST		Turer Til Manuell Behandling	1457080416183	1457080416184	1457080416193	1457080416193	KO	status.find.in(200,304,201,202,203,204,205,206,207,208,209), but actually found 404
Ctrl Web API	3592866667959070732-26	REQUEST		Dashboard	1457080410326	1457080410344	1457080416352	1457080416352	OK	 
Ctrl Web API	3592866667959070732-27	REQUEST		Turer Til Manuell Behandling	1457080416354	1457080416355	1457080416364	1457080416364	KO	status.find.in(200,304,201,202,203,204,205,206,207,208,209), but actually found 404
Ctrl Web API	3592866667959070732-8	REQUEST		Turer Til Manuell Behandling	1457080416520	1457080416521	1457080416525	1457080416525	KO	status.find.in(200,304,201,202,203,204,205,206,207,208,209), but actually found 404
Ctrl Web API	3592866667959070732-20	REQUEST		Kontroll Konfigurasjon	1457080415962	1457080415962	1457080416553	1457080416553	OK	 
Ctrl Web API	3592866667959070732-18	REQUEST		Turer Til Manuell Behandling	1457080416575	1457080416575	1457080416581	1457080416581	KO	status.find.in(200,304,201,202,203,204,205,206,207,208,209), but actually found 404
Ctrl Web API	3592866667959070732-22	REQUEST		Kontroll Konfigurasjon	1457080415990	1457080415991	1457080416636	1457080416636	OK	 
Ctrl Web API	3592866667959070732-24	REQUEST		Kontroll Konfigurasjon	1457080416055	1457080416055	1457080416688	1457080416688	OK	 
Ctrl Web API	3592866667959070732-17	REQUEST		Turer Til Manuell Behandling	1457080416695	1457080416696	1457080416703	1457080416703	KO	status.find.in(200,304,201,202,203,204,205,206,207,208,209), but actually found 404
Ctrl Web API	3592866667959070732-5	REQUEST		Kontroll Konfigurasjon	1457080416257	1457080416258	1457080416776	1457080416776	OK	 
Ctrl Web API	3592866667959070732-19	REQUEST		Kontroll Konfigurasjon	1457080416444	1457080416444	1457080416815	1457080416815	OK	 
Ctrl Web API	3592866667959070732-16	REQUEST		Kontroll Konfigurasjon	1457080416520	1457080416521	1457080416899	1457080416899	OK	 
Ctrl Web API	3592866667959070732-3	REQUEST		Kontroll Konfigurasjon	1457080415960	1457080415961	1457080417003	1457080417003	OK	 
Ctrl Web API	3592866667959070732-32	REQUEST		Dashboard	1457080410356	1457080410358	1457080417041	1457080417041	OK	 
Ctrl Web API	3592866667959070732-13	REQUEST		Dashboard	1457080410155	1457080410157	1457080417282	1457080417282	OK	 
Ctrl Web API	3592866667959070732-9	REQUEST		Dashboard	1457080410141	1457080410145	1457080417317	1457080417317	OK	 
Ctrl Web API	3592866667959070732-2	REQUEST		Dashboard	1457080410104	1457080410134	1457080417321	1457080417321	OK	 
Ctrl Web API	3592866667959070732-26	REQUEST		Turer Til Manuell Behandling	1457080417365	1457080417366	1457080417374	1457080417374	KO	status.find.in(200,304,201,202,203,204,205,206,207,208,209), but actually found 404
Ctrl Web API	3592866667959070732-4	REQUEST		Dashboard	1457080410111	1457080410128	1457080417409	1457080417409	OK	 
Ctrl Web API	3592866667959070732-1	REQUEST		Dashboard	1457080410102	1457080410128	1457080417449	1457080417449	OK	 
Ctrl Web API	3592866667959070732-28	REQUEST		Kontroll Konfigurasjon	1457080417209	1457080417209	1457080417465	1457080417465	OK	 
Ctrl Web API	3592866667959070732-27	REQUEST		Kontroll Konfigurasjon	1457080417381	1457080417382	1457080417522	1457080417522	OK	 
Ctrl Web API	3592866667959070732-29	REQUEST		Dashboard	1457080410348	1457080410352	1457080417587	1457080417587	OK	 
Ctrl Web API	3592866667959070732-34	REQUEST		Dashboard	1457080410360	1457080410362	1457080417645	1457080417645	OK	 
Ctrl Web API	3592866667959070732-8	REQUEST		Kontroll Konfigurasjon	1457080417535	1457080417536	1457080417657	1457080417657	OK	 
Ctrl Web API	3592866667959070732-21	REQUEST		Dashboard	1457080410250	1457080410252	1457080417937	1457080417937	OK	 
Ctrl Web API	3592866667959070732-32	REQUEST		Turer Til Manuell Behandling	1457080418055	1457080418056	1457080418075	1457080418075	KO	status.find.in(200,304,201,202,203,204,205,206,207,208,209), but actually found 404
Ctrl Web API	3592866667959070732-13	REQUEST		Turer Til Manuell Behandling	1457080418303	1457080418303	1457080418314	1457080418314	KO	status.find.in(200,304,201,202,203,204,205,206,207,208,209), but actually found 404
Ctrl Web API	3592866667959070732-33	REQUEST		Dashboard	1457080410358	1457080410360	1457080418323	1457080418323	OK	 
Ctrl Web API	3592866667959070732-9	REQUEST		Turer Til Manuell Behandling	1457080418327	1457080418328	1457080418348	1457080418348	KO	status.find.in(200,304,201,202,203,204,205,206,207,208,209), but actually found 404
Ctrl Web API	3592866667959070732-2	REQUEST		Turer Til Manuell Behandling	1457080418338	1457080418339	1457080418356	1457080418356	KO	status.find.in(200,304,201,202,203,204,205,206,207,208,209), but actually found 404
Ctrl Web API	3592866667959070732-4	REQUEST		Turer Til Manuell Behandling	1457080418416	1457080418417	1457080418435	1457080418435	KO	status.find.in(200,304,201,202,203,204,205,206,207,208,209), but actually found 404
Ctrl Web API	3592866667959070732-1	REQUEST		Turer Til Manuell Behandling	1457080418464	1457080418464	1457080418476	1457080418476	KO	status.find.in(200,304,201,202,203,204,205,206,207,208,209), but actually found 404
Ctrl Web API	3592866667959070732-6	REQUEST		Dashboard	1457080410121	1457080410128	1457080418559	1457080418559	OK	 
Ctrl Web API	3592866667959070732-18	REQUEST		Kontroll Konfigurasjon	1457080417585	1457080417586	1457080418589	1457080418589	OK	 
Ctrl Web API	3592866667959070732-29	REQUEST		Turer Til Manuell Behandling	1457080418604	1457080418605	1457080418619	1457080418619	KO	status.find.in(200,304,201,202,203,204,205,206,207,208,209), but actually found 404
Ctrl Web API	3592866667959070732-34	REQUEST		Turer Til Manuell Behandling	1457080418663	1457080418663	1457080418672	1457080418672	KO	status.find.in(200,304,201,202,203,204,205,206,207,208,209), but actually found 404
Ctrl Web API	3592866667959070732-40	REQUEST		Dashboard	1457080410422	1457080410424	1457080418744	1457080418744	OK	 
Ctrl Web API	3592866667959070732-12	REQUEST		Dashboard	1457080410152	1457080410155	1457080418749	1457080418749	OK	 
Ctrl Web API	3592866667959070732-14	REQUEST		Dashboard	1457080410157	1457080410159	1457080418798	1457080418798	OK	 
Ctrl Web API	3592866667959070732-11	REQUEST		Dashboard	1457080410149	1457080410151	1457080418820	1457080418820	OK	 
Ctrl Web API	3592866667959070732-7	REQUEST		Dashboard	1457080410134	1457080410137	1457080418869	1457080418869	OK	 
Ctrl Web API	3592866667959070732-23	REQUEST		Dashboard	1457080410276	1457080410282	1457080418869	1457080418869	OK	 
Ctrl Web API	3592866667959070732-0	REQUEST		Dashboard	1457080410049	1457080410128	1457080418922	1457080418922	OK	 
Ctrl Web API	3592866667959070732-21	REQUEST		Turer Til Manuell Behandling	1457080418946	1457080418947	1457080418960	1457080418960	KO	status.find.in(200,304,201,202,203,204,205,206,207,208,209), but actually found 404
Ctrl Web API	3592866667959070732-15	REQUEST		Dashboard	1457080410158	1457080410160	1457080418998	1457080418998	OK	 
Ctrl Web API	3592866667959070732-37	REQUEST		Dashboard	1457080410405	1457080410409	1457080419030	1457080419030	OK	 
Ctrl Web API	3592866667959070732-36	REQUEST		Dashboard	1457080410377	1457080410404	1457080419037	1457080419037	OK	 
Ctrl Web API	3592866667959070732-17	REQUEST		Kontroll Konfigurasjon	1457080417709	1457080417710	1457080419051	1457080419051	OK	 
Ctrl Web API	3592866667959070732-10	REQUEST		Dashboard	1457080410147	1457080410149	1457080419095	1457080419095	OK	 
Ctrl Web API	3592866667959070732-35	REQUEST		Dashboard	1457080410362	1457080410376	1457080419185	1457080419185	OK	 
Ctrl Web API	3592866667959070732-26	REQUEST		Kontroll Konfigurasjon	1457080418380	1457080418380	1457080419217	1457080419217	OK	 
Ctrl Web API	3592866667959070732-31	REQUEST		Dashboard	1457080410354	1457080410356	1457080419224	1457080419224	OK	 
Ctrl Web API	3592866667959070732-32	REQUEST		Kontroll Konfigurasjon	1457080419084	1457080419085	1457080419301	1457080419301	OK	 
Ctrl Web API	3592866667959070732-33	REQUEST		Turer Til Manuell Behandling	1457080419335	1457080419335	1457080419341	1457080419341	KO	status.find.in(200,304,201,202,203,204,205,206,207,208,209), but actually found 404
Ctrl Web API	3592866667959070732-13	REQUEST		Kontroll Konfigurasjon	1457080419303	1457080419304	1457080419494	1457080419494	OK	 
Ctrl Web API	3592866667959070732-41	REQUEST		Dashboard	1457080410424	1457080410440	1457080419544	1457080419544	OK	 
Ctrl Web API	3592866667959070732-9	REQUEST		Kontroll Konfigurasjon	1457080419358	1457080419358	1457080419560	1457080419560	OK	 
Ctrl Web API	3592866667959070732-6	REQUEST		Turer Til Manuell Behandling	1457080419569	1457080419569	1457080419576	1457080419576	KO	status.find.in(200,304,201,202,203,204,205,206,207,208,209), but actually found 404
Ctrl Web API	3592866667959070732-4	REQUEST		Kontroll Konfigurasjon	1457080419458	1457080419459	1457080419608	1457080419608	OK	 
Ctrl Web API	3592866667959070732-1	REQUEST		Kontroll Konfigurasjon	1457080419474	1457080419474	1457080419666	1457080419666	OK	 
Ctrl Web API	3592866667959070732-39	REQUEST		Dashboard	1457080410416	1457080410422	1457080419703	1457080419703	OK	 
Ctrl Web API	3592866667959070732-38	REQUEST		Dashboard	1457080410406	1457080410416	1457080419722	1457080419722	OK	 
Ctrl Web API	3592866667959070732-29	REQUEST		Kontroll Konfigurasjon	1457080419631	1457080419631	1457080419732	1457080419732	OK	 
Ctrl Web API	3592866667959070732-34	REQUEST		Kontroll Konfigurasjon	1457080419679	1457080419679	1457080419762	1457080419762	OK	 
Ctrl Web API	3592866667959070732-40	REQUEST		Turer Til Manuell Behandling	1457080419756	1457080419757	1457080419765	1457080419765	KO	status.find.in(200,304,201,202,203,204,205,206,207,208,209), but actually found 404
Ctrl Web API	3592866667959070732-12	REQUEST		Turer Til Manuell Behandling	1457080419772	1457080419772	1457080419781	1457080419781	KO	status.find.in(200,304,201,202,203,204,205,206,207,208,209), but actually found 404
Ctrl Web API	3592866667959070732-14	REQUEST		Turer Til Manuell Behandling	1457080419818	1457080419818	1457080419861	1457080419861	KO	status.find.in(200,304,201,202,203,204,205,206,207,208,209), but actually found 404
Ctrl Web API	3592866667959070732-11	REQUEST		Turer Til Manuell Behandling	1457080419844	1457080419845	1457080419866	1457080419866	KO	status.find.in(200,304,201,202,203,204,205,206,207,208,209), but actually found 404
Ctrl Web API	3592866667959070732-30	REQUEST		Dashboard	1457080410352	1457080410354	1457080419877	1457080419877	OK	 
Ctrl Web API	3592866667959070732-7	REQUEST		Turer Til Manuell Behandling	1457080419901	1457080419902	1457080419916	1457080419916	KO	status.find.in(200,304,201,202,203,204,205,206,207,208,209), but actually found 404
Ctrl Web API	3592866667959070732-23	REQUEST		Turer Til Manuell Behandling	1457080419902	1457080419903	1457080419922	1457080419922	KO	status.find.in(200,304,201,202,203,204,205,206,207,208,209), but actually found 404
Ctrl Web API	3592866667959070732-2	REQUEST		Kontroll Konfigurasjon	1457080419369	1457080419369	1457080419951	1457080419951	OK	 
Ctrl Web API	3592866667959070732-0	REQUEST		Turer Til Manuell Behandling	1457080419946	1457080419947	1457080419960	1457080419960	KO	status.find.in(200,304,201,202,203,204,205,206,207,208,209), but actually found 404
Ctrl Web API	3592866667959070732-15	REQUEST		Turer Til Manuell Behandling	1457080420022	1457080420023	1457080420030	1457080420030	KO	status.find.in(200,304,201,202,203,204,205,206,207,208,209), but actually found 404
Ctrl Web API	3592866667959070732-37	REQUEST		Turer Til Manuell Behandling	1457080420048	1457080420050	1457080420099	1457080420099	KO	status.find.in(200,304,201,202,203,204,205,206,207,208,209), but actually found 404
Ctrl Web API	3592866667959070732-21	REQUEST		Kontroll Konfigurasjon	1457080419974	1457080419975	1457080420105	1457080420105	OK	 
Ctrl Web API	3592866667959070732-36	REQUEST		Turer Til Manuell Behandling	1457080420055	1457080420056	1457080420105	1457080420105	KO	status.find.in(200,304,201,202,203,204,205,206,207,208,209), but actually found 404
Ctrl Web API	3592866667959070732-10	REQUEST		Turer Til Manuell Behandling	1457080420107	1457080420108	1457080420121	1457080420121	KO	status.find.in(200,304,201,202,203,204,205,206,207,208,209), but actually found 404
Ctrl Web API	3592866667959070732-35	REQUEST		Turer Til Manuell Behandling	1457080420211	1457080420211	1457080420217	1457080420217	KO	status.find.in(200,304,201,202,203,204,205,206,207,208,209), but actually found 404
Ctrl Web API	3592866667959070732-31	REQUEST		Turer Til Manuell Behandling	1457080420242	1457080420243	1457080420253	1457080420253	KO	status.find.in(200,304,201,202,203,204,205,206,207,208,209), but actually found 404
Ctrl Web API	3592866667959070732-44	REQUEST		Dashboard	1457080410443	1457080410444	1457080420271	1457080420271	OK	 
Ctrl Web API	3592866667959070732-33	REQUEST		Kontroll Konfigurasjon	1457080420349	1457080420350	1457080420434	1457080420434	OK	 
Ctrl Web API	3592866667959070732-47	REQUEST		Dashboard	1457080410447	1457080410448	1457080420552	1457080420552	OK	 
Ctrl Web API	3592866667959070732-41	REQUEST		Turer Til Manuell Behandling	1457080420556	1457080420557	1457080420566	1457080420566	KO	status.find.in(200,304,201,202,203,204,205,206,207,208,209), but actually found 404
Ctrl Web API	3592866667959070732-25	REQUEST		Dashboard	1457080410285	1457080410325	1457080420703	1457080420703	OK	 
Ctrl Web API	3592866667959070732-6	REQUEST		Kontroll Konfigurasjon	1457080420589	1457080420590	1457080420714	1457080420714	OK	 
Ctrl Web API	3592866667959070732-39	REQUEST		Turer Til Manuell Behandling	1457080420716	1457080420717	1457080420727	1457080420727	KO	status.find.in(200,304,201,202,203,204,205,206,207,208,209), but actually found 404
Ctrl Web API	3592866667959070732-38	REQUEST		Turer Til Manuell Behandling	1457080420737	1457080420738	1457080420748	1457080420748	KO	status.find.in(200,304,201,202,203,204,205,206,207,208,209), but actually found 404
Ctrl Web API	3592866667959070732-45	REQUEST		Dashboard	1457080410444	1457080410446	1457080420869	1457080420869	OK	 
Ctrl Web API	3592866667959070732-40	REQUEST		Kontroll Konfigurasjon	1457080420765	1457080420765	1457080420897	1457080420897	OK	 
Ctrl Web API	3592866667959070732-12	REQUEST		Kontroll Konfigurasjon	1457080420779	1457080420780	1457080421018	1457080421018	OK	 
Ctrl Web API	3592866667959070732-14	REQUEST		Kontroll Konfigurasjon	1457080420854	1457080420855	1457080421033	1457080421033	OK	 
Ctrl Web API	3592866667959070732-30	REQUEST		Turer Til Manuell Behandling	1457080420902	1457080420902	1457080421039	1457080421039	KO	status.find.in(200,304,201,202,203,204,205,206,207,208,209), but actually found 404
Ctrl Web API	3592866667959070732-46	REQUEST		Dashboard	1457080410446	1457080410447	1457080421126	1457080421126	OK	 
Ctrl Web API	3592866667959070732-42	REQUEST		Dashboard	1457080410440	1457080410442	1457080421138	1457080421138	OK	 
Ctrl Web API	3592866667959070732-11	REQUEST		Kontroll Konfigurasjon	1457080420855	1457080420855	1457080421168	1457080421168	OK	 
Ctrl Web API	3592866667959070732-7	REQUEST		Kontroll Konfigurasjon	1457080420902	1457080420902	1457080421199	1457080421199	OK	 
Ctrl Web API	3592866667959070732-23	REQUEST		Kontroll Konfigurasjon	1457080420903	1457080420903	1457080421253	1457080421253	OK	 
Ctrl Web API	3592866667959070732-49	REQUEST		Dashboard	1457080410449	1457080410450	1457080421282	1457080421282	OK	 
Ctrl Web API	3592866667959070732-43	REQUEST		Dashboard	1457080410442	1457080410443	1457080421295	1457080421295	OK	 
Ctrl Web API	3592866667959070732-0	REQUEST		Kontroll Konfigurasjon	1457080420949	1457080420950	1457080421301	1457080421301	OK	 
Ctrl Web API	3592866667959070732-15	REQUEST		Kontroll Konfigurasjon	1457080421026	1457080421026	1457080421323	1457080421323	OK	 
Ctrl Web API	3592866667959070732-37	REQUEST		Kontroll Konfigurasjon	1457080421105	1457080421105	1457080421394	1457080421394	OK	 
Ctrl Web API	3592866667959070732-36	REQUEST		Kontroll Konfigurasjon	1457080421106	1457080421106	1457080421410	1457080421410	OK	 
Ctrl Web API	3592866667959070732-44	REQUEST		Turer Til Manuell Behandling	1457080421291	1457080421292	1457080421421	1457080421421	KO	status.find.in(200,304,201,202,203,204,205,206,207,208,209), but actually found 404
Ctrl Web API	3592866667959070732-35	REQUEST		Kontroll Konfigurasjon	1457080421215	1457080421215	1457080421453	1457080421453	OK	 
Ctrl Web API	3592866667959070732-10	REQUEST		Kontroll Konfigurasjon	1457080421137	1457080421137	1457080421465	1457080421465	OK	 
Ctrl Web API	3592866667959070732-31	REQUEST		Kontroll Konfigurasjon	1457080421262	1457080421262	1457080421551	1457080421551	OK	 
Ctrl Web API	3592866667959070732-47	REQUEST		Turer Til Manuell Behandling	1457080421574	1457080421574	1457080421582	1457080421582	KO	status.find.in(200,304,201,202,203,204,205,206,207,208,209), but actually found 404
Ctrl Web API	3592866667959070732-41	REQUEST		Kontroll Konfigurasjon	1457080421574	1457080421574	1457080421689	1457080421689	OK	 
Ctrl Web API	3592866667959070732-25	REQUEST		Turer Til Manuell Behandling	1457080421714	1457080421715	1457080421720	1457080421720	KO	status.find.in(200,304,201,202,203,204,205,206,207,208,209), but actually found 404
Ctrl Web API	3592866667959070732-39	REQUEST		Kontroll Konfigurasjon	1457080421730	1457080421730	1457080421863	1457080421863	OK	 
Ctrl Web API	3592866667959070732-45	REQUEST		Turer Til Manuell Behandling	1457080421876	1457080421876	1457080421883	1457080421883	KO	status.find.in(200,304,201,202,203,204,205,206,207,208,209), but actually found 404
Ctrl Web API	3592866667959070732-38	REQUEST		Kontroll Konfigurasjon	1457080421760	1457080421760	1457080421940	1457080421940	OK	 
Ctrl Web API	3592866667959070732-48	REQUEST		Dashboard	1457080410448	1457080410449	1457080421964	1457080421964	OK	 
Ctrl Web API	3592866667959070732-30	REQUEST		Kontroll Konfigurasjon	1457080422024	1457080422025	1457080422214	1457080422214	OK	 
Ctrl Web API	3592866667959070732-28	REQUEST		Dashboard	1457080418465	1457080418466	1457080423059	1457080423059	OK	 
Ctrl Web API	3592866667959070732-46	REQUEST		Turer Til Manuell Behandling	1457080422151	1457080422152	1457080423062	1457080423062	KO	status.find.in(200,304,201,202,203,204,205,206,207,208,209), but actually found 404
Ctrl Web API	3592866667959070732-42	REQUEST		Turer Til Manuell Behandling	1457080422159	1457080422159	1457080423064	1457080423064	KO	status.find.in(200,304,201,202,203,204,205,206,207,208,209), but actually found 404
Ctrl Web API	3592866667959070732-19	REQUEST		Dashboard	1457080417806	1457080417807	1457080423479	1457080423479	OK	 
Ctrl Web API	3592866667959070732-16	REQUEST		Dashboard	1457080417903	1457080417904	1457080423574	1457080423574	OK	 
Ctrl Web API	3592866667959070732-27	REQUEST		Dashboard	1457080418510	1457080418510	1457080423613	1457080423613	OK	 
Ctrl Web API	3592866667959070732-49	REQUEST		Turer Til Manuell Behandling	1457080422296	1457080422297	1457080423615	1457080423615	KO	status.find.in(200,304,201,202,203,204,205,206,207,208,209), but actually found 404
Ctrl Web API	3592866667959070732-22	REQUEST		Dashboard	1457080417647	1457080417648	1457080423662	1457080423662	OK	 
Ctrl Web API	3592866667959070732-20	REQUEST		Dashboard	1457080417554	1457080417555	1457080423662	1457080423662	OK	 
Ctrl Web API	3592866667959070732-43	REQUEST		Turer Til Manuell Behandling	1457080422321	1457080422322	1457080423664	1457080423664	KO	status.find.in(200,304,201,202,203,204,205,206,207,208,209), but actually found 404
Ctrl Web API	3592866667959070732-17	REQUEST		Dashboard	1457080420056	1457080420056	1457080424088	1457080424088	OK	 
Ctrl Web API	3592866667959070732-8	REQUEST		Dashboard	1457080418647	1457080418647	1457080424332	1457080424332	OK	 
Ctrl Web API	3592866667959070732-24	REQUEST		Dashboard	1457080417693	1457080417694	1457080424398	1457080424398	OK	 
Ctrl Web API	3592866667959070732-32	REQUEST		Dashboard	1457080420296	1457080420296	1457080424447	1457080424447	OK	 
Ctrl Web API	3592866667959070732-44	REQUEST		Kontroll Konfigurasjon	1457080422432	1457080422433	1457080424495	1457080424495	OK	 
Ctrl Web API	3592866667959070732-26	REQUEST		Dashboard	1457080420227	1457080420228	1457080424527	1457080424527	OK	 
Ctrl Web API	3592866667959070732-47	REQUEST		Kontroll Konfigurasjon	1457080422576	1457080422577	1457080424636	1457080424636	OK	 
Ctrl Web API	3592866667959070732-13	REQUEST		Dashboard	1457080420509	1457080420509	1457080424727	1457080424727	OK	 
Ctrl Web API	3592866667959070732-5	REQUEST		Dashboard	1457080417771	1457080417772	1457080424777	1457080424777	OK	 
Ctrl Web API	3592866667959070732-18	REQUEST		Dashboard	1457080419585	1457080419586	1457080424796	1457080424796	OK	 
Ctrl Web API	3592866667959070732-3	REQUEST		Dashboard	1457080417994	1457080417995	1457080424799	1457080424799	OK	 
Ctrl Web API	3592866667959070732-25	REQUEST		Kontroll Konfigurasjon	1457080422730	1457080422731	1457080424877	1457080424877	OK	 
Ctrl Web API	3592866667959070732-48	REQUEST		Turer Til Manuell Behandling	1457080422978	1457080422978	1457080424884	1457080424884	KO	status.find.in(200,304,201,202,203,204,205,206,207,208,209), but actually found 404
Ctrl Web API	3592866667959070732-45	REQUEST		Kontroll Konfigurasjon	1457080422900	1457080422901	1457080424930	1457080424930	OK	 
Ctrl Web API	3592866667959070732-9	REQUEST		Dashboard	1457080420574	1457080420574	1457080425264	1457080425264	OK	 
Ctrl Web API	3592866667959070732-4	REQUEST		Dashboard	1457080420605	1457080420605	1457080425318	1457080425318	OK	 
Ctrl Web API	3592866667959070732-28	REQUEST		Turer Til Manuell Behandling	1457080424067	1457080424068	1457080425458	1457080425458	KO	status.find.in(200,304,201,202,203,204,205,206,207,208,209), but actually found 404
Ctrl Web API	3592866667959070732-34	REQUEST		Dashboard	1457080420764	1457080420764	1457080425537	1457080425537	OK	 
Ctrl Web API	3592866667959070732-46	REQUEST		Kontroll Konfigurasjon	1457080424067	1457080424068	1457080425567	1457080425567	OK	 
Ctrl Web API	3592866667959070732-19	REQUEST		Turer Til Manuell Behandling	1457080424501	1457080424502	1457080425575	1457080425575	KO	status.find.in(200,304,201,202,203,204,205,206,207,208,209), but actually found 404
Ctrl Web API	3592866667959070732-16	REQUEST		Turer Til Manuell Behandling	1457080424574	1457080424575	1457080425578	1457080425578	KO	status.find.in(200,304,201,202,203,204,205,206,207,208,209), but actually found 404
Ctrl Web API	3592866667959070732-42	REQUEST		Kontroll Konfigurasjon	1457080424075	1457080424076	1457080425642	1457080425642	OK	 
Ctrl Web API	3592866667959070732-27	REQUEST		Turer Til Manuell Behandling	1457080424613	1457080424614	1457080425648	1457080425648	KO	status.find.in(200,304,201,202,203,204,205,206,207,208,209), but actually found 404
Ctrl Web API	3592866667959070732-20	REQUEST		Turer Til Manuell Behandling	1457080424656	1457080424656	1457080425676	1457080425676	KO	status.find.in(200,304,201,202,203,204,205,206,207,208,209), but actually found 404
Ctrl Web API	3592866667959070732-22	REQUEST		Turer Til Manuell Behandling	1457080424656	1457080424657	1457080425679	1457080425679	KO	status.find.in(200,304,201,202,203,204,205,206,207,208,209), but actually found 404
Ctrl Web API	3592866667959070732-17	REQUEST		Turer Til Manuell Behandling	1457080425077	1457080425078	1457080425682	1457080425682	KO	status.find.in(200,304,201,202,203,204,205,206,207,208,209), but actually found 404
Ctrl Web API	3592866667959070732-8	REQUEST		Turer Til Manuell Behandling	1457080425341	1457080425342	1457080425689	1457080425689	KO	status.find.in(200,304,201,202,203,204,205,206,207,208,209), but actually found 404
Ctrl Web API	3592866667959070732-24	REQUEST		Turer Til Manuell Behandling	1457080425387	1457080425388	1457080425690	1457080425690	KO	status.find.in(200,304,201,202,203,204,205,206,207,208,209), but actually found 404
Ctrl Web API	3592866667959070732-32	REQUEST		Turer Til Manuell Behandling	1457080425449	1457080425450	1457080425706	1457080425706	KO	status.find.in(200,304,201,202,203,204,205,206,207,208,209), but actually found 404
Ctrl Web API	3592866667959070732-26	REQUEST		Turer Til Manuell Behandling	1457080425513	1457080425514	1457080425742	1457080425742	KO	status.find.in(200,304,201,202,203,204,205,206,207,208,209), but actually found 404
Ctrl Web API	3592866667959070732-49	REQUEST		Kontroll Konfigurasjon	1457080424613	1457080424614	1457080425756	1457080425756	OK	 
Ctrl Web API	3592866667959070732-29	REQUEST		Dashboard	1457080420730	1457080420731	1457080425822	1457080425822	OK	 
Ctrl Web API	3592866667959070732-1	REQUEST		Dashboard	1457080420680	1457080420681	1457080425841	1457080425841	OK	 
Ctrl Web API	3592866667959070732-13	REQUEST		Turer Til Manuell Behandling	1457080425713	1457080425714	1457080425844	1457080425844	KO	status.find.in(200,304,201,202,203,204,205,206,207,208,209), but actually found 404
Ctrl Web API	3592866667959070732-5	REQUEST		Turer Til Manuell Behandling	1457080425767	1457080425767	1457080425850	1457080425850	KO	status.find.in(200,304,201,202,203,204,205,206,207,208,209), but actually found 404
Ctrl Web API	3592866667959070732-18	REQUEST		Turer Til Manuell Behandling	1457080425794	1457080425795	1457080425855	1457080425855	KO	status.find.in(200,304,201,202,203,204,205,206,207,208,209), but actually found 404
Ctrl Web API	3592866667959070732-3	REQUEST		Turer Til Manuell Behandling	1457080425795	1457080425795	1457080425857	1457080425857	KO	status.find.in(200,304,201,202,203,204,205,206,207,208,209), but actually found 404
Ctrl Web API	3592866667959070732-43	REQUEST		Kontroll Konfigurasjon	1457080424656	1457080424656	1457080425914	1457080425914	OK	 
Ctrl Web API	3592866667959070732-48	REQUEST		Kontroll Konfigurasjon	1457080425889	1457080425889	1457080426034	1457080426034	OK	 
Ctrl Web API	3592866667959070732-2	REQUEST		Dashboard	1457080420949	1457080420950	1457080426056	1457080426056	OK	 
Ctrl Web API	3592866667959070732-9	REQUEST		Turer Til Manuell Behandling	1457080426255	1457080426256	1457080426263	1457080426263	KO	status.find.in(200,304,201,202,203,204,205,206,207,208,209), but actually found 404
Ctrl Web API	3592866667959070732-4	REQUEST		Turer Til Manuell Behandling	1457080426314	1457080426315	1457080426320	1457080426320	KO	status.find.in(200,304,201,202,203,204,205,206,207,208,209), but actually found 404
Ctrl Web API	3592866667959070732-33	REQUEST		Dashboard	1457080421450	1457080421451	1457080426332	1457080426332	OK	 
Ctrl Web API	3592866667959070732-21	REQUEST		Dashboard	1457080421103	1457080421103	1457080426478	1457080426478	OK	 
Ctrl Web API	3592866667959070732-6	REQUEST		Dashboard	1457080421713	1457080421713	1457080426543	1457080426543	OK	 
Ctrl Web API	3592866667959070732-34	REQUEST		Turer Til Manuell Behandling	1457080426538	1457080426538	1457080426546	1457080426546	KO	status.find.in(200,304,201,202,203,204,205,206,207,208,209), but actually found 404
Ctrl Web API	3592866667959070732-28	REQUEST		Kontroll Konfigurasjon	1457080426451	1457080426451	1457080426624	1457080426624	OK	 
Ctrl Web API	3592866667959070732-19	REQUEST		Kontroll Konfigurasjon	1457080426557	1457080426558	1457080426650	1457080426651	OK	 
Ctrl Web API	3592866667959070732-16	REQUEST		Kontroll Konfigurasjon	1457080426568	1457080426569	1457080426651	1457080426651	OK	 
Ctrl Web API	3592866667959070732-27	REQUEST		Kontroll Konfigurasjon	1457080426649	1457080426650	1457080426754	1457080426754	OK	 
Ctrl Web API	3592866667959070732-20	REQUEST		Kontroll Konfigurasjon	1457080426678	1457080426679	1457080426795	1457080426795	OK	 
Ctrl Web API	3592866667959070732-24	REQUEST		Kontroll Konfigurasjon	1457080426679	1457080426679	1457080426835	1457080426835	OK	 
Ctrl Web API	3592866667959070732-22	REQUEST		Kontroll Konfigurasjon	1457080426684	1457080426684	1457080426842	1457080426842	OK	 
Ctrl Web API	3592866667959070732-8	REQUEST		Kontroll Konfigurasjon	1457080426685	1457080426685	1457080426845	1457080426845	OK	 
Ctrl Web API	3592866667959070732-12	REQUEST		Dashboard	1457080422024	1457080422025	1457080426857	1457080426857	OK	 
Ctrl Web API	3592866667959070732-29	REQUEST		Turer Til Manuell Behandling	1457080426826	1457080426827	1457080426859	1457080426859	KO	status.find.in(200,304,201,202,203,204,205,206,207,208,209), but actually found 404
Ctrl Web API	3592866667959070732-1	REQUEST		Turer Til Manuell Behandling	1457080426851	1457080426851	1457080426865	1457080426866	KO	status.find.in(200,304,201,202,203,204,205,206,207,208,209), but actually found 404
Ctrl Web API	3592866667959070732-32	REQUEST		Kontroll Konfigurasjon	1457080426718	1457080426719	1457080426935	1457080426935	OK	 
Ctrl Web API	3592866667959070732-26	REQUEST		Kontroll Konfigurasjon	1457080426747	1457080426747	1457080426938	1457080426938	OK	 
Ctrl Web API	3592866667959070732-17	REQUEST		Kontroll Konfigurasjon	1457080426684	1457080426685	1457080426959	1457080426959	OK	 
Ctrl Web API	3592866667959070732-5	REQUEST		Kontroll Konfigurasjon	1457080426855	1457080426856	1457080427007	1457080427007	OK	 
Ctrl Web API	3592866667959070732-3	REQUEST		Kontroll Konfigurasjon	1457080426856	1457080426857	1457080427018	1457080427018	OK	 
Ctrl Web API	3592866667959070732-40	REQUEST		Dashboard	1457080421903	1457080421904	1457080427018	1457080427018	OK	 
Ctrl Web API	3592866667959070732-2	REQUEST		Turer Til Manuell Behandling	1457080427054	1457080427054	1457080427062	1457080427062	KO	status.find.in(200,304,201,202,203,204,205,206,207,208,209), but actually found 404
Ctrl Web API	3592866667959070732-13	REQUEST		Kontroll Konfigurasjon	1457080426855	1457080426855	1457080427076	1457080427076	OK	 
Ctrl Web API	3592866667959070732-18	REQUEST		Kontroll Konfigurasjon	1457080426858	1457080426858	1457080427095	1457080427095	OK	 
Ctrl Web API	3592866667959070732-14	REQUEST		Dashboard	1457080422042	1457080422042	1457080427216	1457080427216	OK	 
Ctrl Web API	3592866667959070732-33	REQUEST		Turer Til Manuell Behandling	1457080427321	1457080427321	1457080427325	1457080427325	KO	status.find.in(200,304,201,202,203,204,205,206,207,208,209), but actually found 404
Ctrl Web API	3592866667959070732-4	REQUEST		Kontroll Konfigurasjon	1457080427320	1457080427320	1457080427409	1457080427409	OK	 
Ctrl Web API	3592866667959070732-9	REQUEST		Kontroll Konfigurasjon	1457080427259	1457080427259	1457080427418	1457080427418	OK	 
Ctrl Web API	3592866667959070732-21	REQUEST		Turer Til Manuell Behandling	1457080427486	1457080427486	1457080427491	1457080427491	KO	status.find.in(200,304,201,202,203,204,205,206,207,208,209), but actually found 404
Ctrl Web API	3592866667959070732-6	REQUEST		Turer Til Manuell Behandling	1457080427534	1457080427534	1457080427541	1457080427541	KO	status.find.in(200,304,201,202,203,204,205,206,207,208,209), but actually found 404
Ctrl Web API	3592866667959070732-37	REQUEST		Dashboard	1457080422384	1457080422385	1457080427635	1457080427635	OK	 
Ctrl Web API	3592866667959070732-34	REQUEST		Kontroll Konfigurasjon	1457080427546	1457080427546	1457080427676	1457080427676	OK	 
Ctrl Web API	3592866667959070732-35	REQUEST		Dashboard	1457080422447	1457080422447	1457080428230	1457080428230	OK	 
Ctrl Web API	3592866667959070732-23	REQUEST		Dashboard	1457080422259	1457080422259	1457080428274	1457080428274	OK	 
Ctrl Web API	3592866667959070732-7	REQUEST		Dashboard	1457080422205	1457080422205	1457080428296	1457080428296	OK	 
Ctrl Web API	3592866667959070732-0	REQUEST		Dashboard	1457080422306	1457080422306	1457080428385	1457080428385	OK	 
Ctrl Web API	3592866667959070732-11	REQUEST		Dashboard	1457080422192	1457080422192	1457080428403	1457080428403	OK	 
Ctrl Web API	3592866667959070732-15	REQUEST		Dashboard	1457080422324	1457080422324	1457080428502	1457080428502	OK	 
Ctrl Web API	3592866667959070732-12	REQUEST		Turer Til Manuell Behandling	1457080427861	1457080427861	1457080428505	1457080428505	KO	status.find.in(200,304,201,202,203,204,205,206,207,208,209), but actually found 404
Ctrl Web API	3592866667959070732-29	REQUEST		Kontroll Konfigurasjon	1457080427860	1457080427860	1457080428520	1457080428520	OK	 
Ctrl Web API	3592866667959070732-1	REQUEST		Kontroll Konfigurasjon	1457080427848	1457080427848	1457080428533	1457080428533	OK	 
Ctrl Web API	3592866667959070732-38	REQUEST		Dashboard	1457080422947	1457080422947	1457080428811	1457080428811	OK	 
Ctrl Web API	3592866667959070732-31	REQUEST		Dashboard	1457080422544	1457080422545	1457080429457	1457080429457	OK	 
Ctrl Web API	3592866667959070732-40	REQUEST		Turer Til Manuell Behandling	1457080428030	1457080428030	1457080429460	1457080429460	KO	status.find.in(200,304,201,202,203,204,205,206,207,208,209), but actually found 404
Ctrl Web API	3592866667959070732-36	REQUEST		Dashboard	1457080422416	1457080422416	1457080429500	1457080429500	OK	 
Ctrl Web API	3592866667959070732-39	REQUEST		Dashboard	1457080422868	1457080422869	1457080429622	1457080429622	OK	 
Ctrl Web API	3592866667959070732-2	REQUEST		Kontroll Konfigurasjon	1457080428054	1457080428055	1457080429653	1457080429653	OK	 
Ctrl Web API	3592866667959070732-10	REQUEST		Dashboard	1457080422464	1457080422465	1457080429944	1457080429944	OK	 
Ctrl Web API	3592866667959070732-14	REQUEST		Turer Til Manuell Behandling	1457080428205	1457080428205	1457080429947	1457080429947	KO	status.find.in(200,304,201,202,203,204,205,206,207,208,209), but actually found 404
Ctrl Web API	3592866667959070732-41	REQUEST		Dashboard	1457080422697	1457080422697	1457080430003	1457080430003	OK	 
Ctrl Web API	3592866667959070732-41	USER	END	1457080409982	1457080430011
Ctrl Web API	3592866667959070732-33	REQUEST		Kontroll Konfigurasjon	1457080428325	1457080428326	1457080430095	1457080430095	OK	 
Ctrl Web API	3592866667959070732-33	USER	END	1457080409982	1457080430097
Ctrl Web API	3592866667959070732-43	REQUEST		Dashboard	1457080426913	1457080426913	1457080430363	1457080430363	OK	 
Ctrl Web API	3592866667959070732-43	USER	END	1457080409982	1457080430364
Ctrl Web API	3592866667959070732-21	REQUEST		Kontroll Konfigurasjon	1457080428483	1457080428484	1457080430440	1457080430440	OK	 
Ctrl Web API	3592866667959070732-21	USER	END	1457080409982	1457080430441
Ctrl Web API	3592866667959070732-40	USER	END	1457080409982	1457080430460
Ctrl Web API	3592866667959070732-31	USER	END	1457080409982	1457080430464
Ctrl Web API	3592866667959070732-36	USER	END	1457080409982	1457080430495
Ctrl Web API	3592866667959070732-6	REQUEST		Kontroll Konfigurasjon	1457080428543	1457080428543	1457080430528	1457080430528	OK	 
Ctrl Web API	3592866667959070732-6	USER	END	1457080409981	1457080430529
Ctrl Web API	3592866667959070732-37	REQUEST		Turer Til Manuell Behandling	1457080428633	1457080428633	1457080430534	1457080430534	KO	status.find.in(200,304,201,202,203,204,205,206,207,208,209), but actually found 404
Ctrl Web API	3592866667959070732-37	USER	END	1457080409982	1457080430535
Ctrl Web API	3592866667959070732-25	REQUEST		Dashboard	1457080425880	1457080425880	1457080430563	1457080430563	OK	 
Ctrl Web API	3592866667959070732-25	USER	END	1457080409982	1457080430564
Ctrl Web API	3592866667959070732-35	REQUEST		Turer Til Manuell Behandling	1457080429226	1457080429226	1457080430565	1457080430565	KO	status.find.in(200,304,201,202,203,204,205,206,207,208,209), but actually found 404
Ctrl Web API	3592866667959070732-35	USER	END	1457080409982	1457080430568
Ctrl Web API	3592866667959070732-23	REQUEST		Turer Til Manuell Behandling	1457080429275	1457080429275	1457080430567	1457080430567	KO	status.find.in(200,304,201,202,203,204,205,206,207,208,209), but actually found 404
Ctrl Web API	3592866667959070732-7	REQUEST		Turer Til Manuell Behandling	1457080429297	1457080429297	1457080430569	1457080430569	KO	status.find.in(200,304,201,202,203,204,205,206,207,208,209), but actually found 404
Ctrl Web API	3592866667959070732-23	USER	END	1457080409982	1457080430571
Ctrl Web API	3592866667959070732-0	REQUEST		Turer Til Manuell Behandling	1457080429384	1457080429385	1457080430572	1457080430572	KO	status.find.in(200,304,201,202,203,204,205,206,207,208,209), but actually found 404
Ctrl Web API	3592866667959070732-7	USER	END	1457080409982	1457080430572
Ctrl Web API	3592866667959070732-0	USER	END	1457080409979	1457080430575
Ctrl Web API	3592866667959070732-11	REQUEST		Turer Til Manuell Behandling	1457080429385	1457080429385	1457080430574	1457080430574	KO	status.find.in(200,304,201,202,203,204,205,206,207,208,209), but actually found 404
Ctrl Web API	3592866667959070732-11	USER	END	1457080409982	1457080430576
Ctrl Web API	3592866667959070732-30	REQUEST		Dashboard	1457080423235	1457080423235	1457080430588	1457080430588	OK	 
Ctrl Web API	3592866667959070732-15	REQUEST		Turer Til Manuell Behandling	1457080429510	1457080429510	1457080430590	1457080430590	KO	status.find.in(200,304,201,202,203,204,205,206,207,208,209), but actually found 404
Ctrl Web API	3592866667959070732-30	USER	END	1457080409982	1457080430593
Ctrl Web API	3592866667959070732-15	USER	END	1457080409982	1457080430593
Ctrl Web API	3592866667959070732-39	USER	END	1457080409982	1457080430624
Ctrl Web API	3592866667959070732-2	USER	END	1457080409981	1457080430656
Ctrl Web API	3592866667959070732-47	REQUEST		Dashboard	1457080425639	1457080425639	1457080430726	1457080430726	OK	 
Ctrl Web API	3592866667959070732-47	USER	END	1457080409983	1457080430727
Ctrl Web API	3592866667959070732-45	REQUEST		Dashboard	1457080425924	1457080425925	1457080430752	1457080430752	OK	 
Ctrl Web API	3592866667959070732-45	USER	END	1457080409983	1457080430753
Ctrl Web API	3592866667959070732-38	REQUEST		Turer Til Manuell Behandling	1457080429796	1457080429796	1457080430755	1457080430755	KO	status.find.in(200,304,201,202,203,204,205,206,207,208,209), but actually found 404
Ctrl Web API	3592866667959070732-38	USER	END	1457080409982	1457080430756
Ctrl Web API	3592866667959070732-12	REQUEST		Kontroll Konfigurasjon	1457080429496	1457080429497	1457080430781	1457080430781	OK	 
Ctrl Web API	3592866667959070732-12	USER	END	1457080409982	1457080430782
Ctrl Web API	3592866667959070732-10	USER	END	1457080409982	1457080430942
Ctrl Web API	3592866667959070732-14	USER	END	1457080409982	1457080430956
Ctrl Web API	3592866667959070732-44	REQUEST		Dashboard	1457080425475	1457080425475	1457080431370	1457080431370	OK	 
Ctrl Web API	3592866667959070732-44	USER	END	1457080409983	1457080431372
Ctrl Web API	3592866667959070732-16	REQUEST		Dashboard	1457080427658	1457080427659	1457080431538	1457080431538	OK	 
Ctrl Web API	3592866667959070732-16	USER	END	1457080409982	1457080431539
Ctrl Web API	3592866667959070732-49	REQUEST		Dashboard	1457080426759	1457080426760	1457080431701	1457080431701	OK	 
Ctrl Web API	3592866667959070732-49	USER	END	1457080409983	1457080431702
Ctrl Web API	3592866667959070732-24	REQUEST		Dashboard	1457080427847	1457080427847	1457080432090	1457080432090	OK	 
Ctrl Web API	3592866667959070732-24	USER	END	1457080409982	1457080432091
Ctrl Web API	3592866667959070732-42	REQUEST		Dashboard	1457080426624	1457080426624	1457080432109	1457080432109	OK	 
Ctrl Web API	3592866667959070732-42	USER	END	1457080409982	1457080432110
Ctrl Web API	3592866667959070732-22	REQUEST		Dashboard	1457080427836	1457080427836	1457080432122	1457080432122	OK	 
Ctrl Web API	3592866667959070732-22	USER	END	1457080409982	1457080432123
Ctrl Web API	3592866667959070732-46	REQUEST		Dashboard	1457080426568	1457080426569	1457080432331	1457080432331	OK	 
Ctrl Web API	3592866667959070732-46	USER	END	1457080409983	1457080432332
Ctrl Web API	3592866667959070732-48	REQUEST		Dashboard	1457080427048	1457080427048	1457080432441	1457080432441	OK	 
Ctrl Web API	3592866667959070732-48	USER	END	1457080409983	1457080432442
Ctrl Web API	3592866667959070732-5	REQUEST		Dashboard	1457080428004	1457080428005	1457080432474	1457080432474	OK	 
Ctrl Web API	3592866667959070732-5	USER	END	1457080409981	1457080432475
Ctrl Web API	3592866667959070732-8	REQUEST		Dashboard	1457080427847	1457080427848	1457080432781	1457080432781	OK	 
Ctrl Web API	3592866667959070732-8	USER	END	1457080409982	1457080432781
Ctrl Web API	3592866667959070732-34	REQUEST		Dashboard	1457080428669	1457080428670	1457080432916	1457080432916	OK	 
Ctrl Web API	3592866667959070732-34	USER	END	1457080409982	1457080432917
Ctrl Web API	3592866667959070732-19	REQUEST		Dashboard	1457080427659	1457080427659	1457080433023	1457080433023	OK	 
Ctrl Web API	3592866667959070732-19	USER	END	1457080409982	1457080433024
Ctrl Web API	3592866667959070732-32	REQUEST		Dashboard	1457080427927	1457080427927	1457080433024	1457080433024	OK	 
Ctrl Web API	3592866667959070732-32	USER	END	1457080409982	1457080433025
Ctrl Web API	3592866667959070732-26	REQUEST		Dashboard	1457080427947	1457080427948	1457080433031	1457080433031	OK	 
Ctrl Web API	3592866667959070732-26	USER	END	1457080409982	1457080433031
Ctrl Web API	3592866667959070732-27	REQUEST		Dashboard	1457080427758	1457080427759	1457080433239	1457080433239	OK	 
Ctrl Web API	3592866667959070732-27	USER	END	1457080409982	1457080433239
Ctrl Web API	3592866667959070732-28	REQUEST		Dashboard	1457080427615	1457080427615	1457080433259	1457080433259	OK	 
Ctrl Web API	3592866667959070732-28	USER	END	1457080409982	1457080433260
Ctrl Web API	3592866667959070732-20	REQUEST		Dashboard	1457080427789	1457080427789	1457080433313	1457080433313	OK	 
Ctrl Web API	3592866667959070732-20	USER	END	1457080409982	1457080433314
Ctrl Web API	3592866667959070732-17	REQUEST		Dashboard	1457080427973	1457080427973	1457080433447	1457080433447	OK	 
Ctrl Web API	3592866667959070732-17	USER	END	1457080409982	1457080433448
Ctrl Web API	3592866667959070732-29	REQUEST		Dashboard	1457080429513	1457080429514	1457080433651	1457080433651	OK	 
Ctrl Web API	3592866667959070732-29	USER	END	1457080409982	1457080433652
Ctrl Web API	3592866667959070732-1	REQUEST		Dashboard	1457080429536	1457080429536	1457080433740	1457080433740	OK	 
Ctrl Web API	3592866667959070732-3	REQUEST		Dashboard	1457080428037	1457080428037	1457080433740	1457080433740	OK	 
Ctrl Web API	3592866667959070732-1	USER	END	1457080409981	1457080433741
Ctrl Web API	3592866667959070732-3	USER	END	1457080409981	1457080433741
Ctrl Web API	3592866667959070732-13	REQUEST		Dashboard	1457080428067	1457080428068	1457080433774	1457080433774	OK	 
Ctrl Web API	3592866667959070732-13	USER	END	1457080409982	1457080433775
Ctrl Web API	3592866667959070732-18	REQUEST		Dashboard	1457080428094	1457080428095	1457080433925	1457080433925	OK	 
Ctrl Web API	3592866667959070732-18	USER	END	1457080409982	1457080433926
Ctrl Web API	3592866667959070732-4	REQUEST		Dashboard	1457080428408	1457080428409	1457080433949	1457080433949	OK	 
Ctrl Web API	3592866667959070732-4	USER	END	1457080409981	1457080433950
Ctrl Web API	3592866667959070732-9	REQUEST		Dashboard	1457080428423	1457080428424	1457080433983	1457080433983	OK	 
Ctrl Web API	3592866667959070732-9	USER	END	1457080409982	1457080433984
